<?xml version="1.0" encoding="UTF-8"?>
<coverage generated="1415620563">
  <project timestamp="1415620563">
    <package name="Devfactory\Mollom">
      <file name="/var/www/Mollom/src/Client.php">
        <class name="Client" namespace="Devfactory\Mollom">
          <metrics methods="10" coveredmethods="7" conditionals="0" coveredconditionals="0" statements="98" coveredstatements="72" elements="108" coveredelements="79"/>
        </class>
        <line num="0" type="stmt" count="1"/>
        <line num="21" type="method" name="__construct" crap="4" count="18"/>
        <line num="22" type="stmt" count="18"/>
        <line num="24" type="stmt" count="18"/>
        <line num="25" type="stmt" count="18"/>
        <line num="26" type="stmt" count="18"/>
        <line num="28" type="stmt" count="18"/>
        <line num="29" type="stmt" count="18"/>
        <line num="30" type="stmt" count="18"/>
        <line num="31" type="stmt" count="5"/>
        <line num="34" type="stmt" count="18"/>
        <line num="35" type="stmt" count="18"/>
        <line num="36" type="stmt" count="18"/>
        <line num="37" type="stmt" count="10"/>
        <line num="39" type="stmt" count="18"/>
        <line num="55" type="method" name="loadConfiguration" crap="1" count="18"/>
        <line num="56" type="stmt" count="18"/>
        <line num="57" type="stmt" count="18"/>
        <line num="63" type="method" name="saveConfiguration" crap="2" count="0"/>
        <line num="68" type="method" name="deleteConfiguration" crap="2" count="0"/>
        <line num="73" type="method" name="getClientInformation" crap="1.75" count="1"/>
        <line num="74" type="stmt" count="0"/>
        <line num="78" type="stmt" count="0"/>
        <line num="79" type="stmt" count="0"/>
        <line num="80" type="stmt" count="0"/>
        <line num="82" type="stmt" count="1"/>
        <line num="83" type="stmt" count="0"/>
        <line num="84" type="stmt" count="0"/>
        <line num="85" type="stmt" count="0"/>
        <line num="86" type="stmt" count="0"/>
        <line num="87" type="stmt" count="0"/>
        <line num="89" type="stmt" count="0"/>
        <line num="95" type="method" name="writeLog" crap="12" count="0"/>
        <line num="96" type="stmt" count="0"/>
        <line num="97" type="stmt" count="0"/>
        <line num="98" type="stmt" count="0"/>
        <line num="100" type="stmt" count="0"/>
        <line num="101" type="stmt" count="0"/>
        <line num="103" type="stmt" count="0"/>
        <line num="104" type="stmt" count="0"/>
        <line num="111" type="stmt" count="0"/>
        <line num="112" type="stmt" count="0"/>
        <line num="115" type="stmt" count="0"/>
        <line num="116" type="stmt" count="0"/>
        <line num="123" type="method" name="request" crap="6.01" count="4"/>
        <line num="124" type="stmt" count="4"/>
        <line num="125" type="stmt" count="4"/>
        <line num="128" type="stmt" count="4"/>
        <line num="131" type="stmt" count="4"/>
        <line num="132" type="stmt" count="1"/>
        <line num="133" type="stmt" count="4"/>
        <line num="134" type="stmt" count="3"/>
        <line num="135" type="stmt" count="3"/>
        <line num="138" type="stmt" count="4"/>
        <line num="141" type="stmt" count="2"/>
        <line num="142" type="stmt" count="0"/>
        <line num="143" type="stmt" count="0"/>
        <line num="145" type="stmt" count="2"/>
        <line num="146" type="stmt" count="4"/>
        <line num="148" type="stmt" count="1"/>
        <line num="149" type="stmt" count="1"/>
        <line num="150" type="stmt" count="1"/>
        <line num="151" type="stmt" count="1"/>
        <line num="152" type="stmt" count="1"/>
        <line num="154" type="stmt" count="1"/>
        <line num="155" type="stmt" count="1"/>
        <line num="156" type="stmt" count="1"/>
        <line num="157" type="stmt" count="1"/>
        <line num="162" type="stmt" count="2"/>
        <line num="163" type="stmt" count="2"/>
        <line num="164" type="stmt" count="2"/>
        <line num="165" type="stmt" count="2"/>
        <line num="166" type="stmt" count="2"/>
        <line num="168" type="stmt" count="2"/>
        <line num="179" type="method" name="captcha" crap="3" count="3"/>
        <line num="182" type="stmt" count="3"/>
        <line num="184" type="stmt" count="3"/>
        <line num="185" type="stmt" count="3"/>
        <line num="186" type="stmt" count="3"/>
        <line num="189" type="stmt" count="3"/>
        <line num="190" type="stmt" count="1"/>
        <line num="194" type="stmt" count="2"/>
        <line num="196" type="stmt" count="2"/>
        <line num="197" type="stmt" count="1"/>
        <line num="201" type="stmt" count="1"/>
        <line num="213" type="method" name="validate" crap="3.14" count="2"/>
        <line num="215" type="stmt" count="2"/>
        <line num="217" type="stmt" count="2"/>
        <line num="218" type="stmt" count="0"/>
        <line num="221" type="stmt" count="2"/>
        <line num="236" type="method" name="comment" crap="6" count="5"/>
        <line num="238" type="stmt" count="5"/>
        <line num="240" type="stmt" count="5"/>
        <line num="241" type="stmt" count="5"/>
        <line num="242" type="stmt" count="5"/>
        <line num="243" type="stmt" count="5"/>
        <line num="244" type="stmt" count="5"/>
        <line num="245" type="stmt" count="5"/>
        <line num="246" type="stmt" count="5"/>
        <line num="247" type="stmt" count="5"/>
        <line num="250" type="stmt" count="5"/>
        <line num="251" type="stmt" count="1"/>
        <line num="254" type="stmt" count="4"/>
        <line num="255" type="stmt" count="4"/>
        <line num="256" type="stmt" count="4"/>
        <line num="257" type="stmt" count="1"/>
        <line num="260" type="stmt" count="3"/>
        <metrics loc="262" ncloc="168" classes="1" methods="10" coveredmethods="4" conditionals="0" coveredconditionals="0" statements="98" coveredstatements="72" elements="108" coveredelements="76"/>
      </file>
      <file name="/var/www/Mollom/src/MollomServiceProvider.php">
        <class name="MollomServiceProvider" namespace="Devfactory\Mollom">
          <metrics methods="4" coveredmethods="0" conditionals="0" coveredconditionals="0" statements="11" coveredstatements="0" elements="15" coveredelements="0"/>
        </class>
        <line num="20" type="method" name="boot" crap="2" count="0"/>
        <line num="22" type="stmt" count="0"/>
        <line num="24" type="stmt" count="0"/>
        <line num="25" type="stmt" count="0"/>
        <line num="32" type="method" name="register" crap="1" count="0"/>
        <line num="34" type="method" name="anonymous function" crap="2" count="0"/>
        <line num="35" type="stmt" count="0"/>
        <line num="36" type="stmt" count="0"/>
        <line num="37" type="stmt" count="0"/>
        <line num="44" type="method" name="provides" crap="2" count="0"/>
        <line num="46" type="stmt" count="0"/>
        <line num="50" type="stmt" count="0"/>
        <metrics loc="49" ncloc="29" classes="1" methods="3" coveredmethods="0" conditionals="0" coveredconditionals="0" statements="8" coveredstatements="0" elements="11" coveredelements="0"/>
      </file>
    </package>
    <package name="Devfactory\Mollom\Exceptions">
      <file name="/var/www/Mollom/src/Exceptions/SystemUnavailableException.php">
        <class name="SystemUnavailableException" namespace="Devfactory\Mollom\Exceptions">
          <metrics methods="0" coveredmethods="0" conditionals="0" coveredconditionals="0" statements="0" coveredstatements="0" elements="0" coveredelements="0"/>
        </class>
        <metrics loc="6" ncloc="3" classes="1" methods="0" coveredmethods="0" conditionals="0" coveredconditionals="0" statements="0" coveredstatements="0" elements="0" coveredelements="0"/>
      </file>
      <file name="/var/www/Mollom/src/Exceptions/UnknownSpamClassificationException.php">
        <class name="UnknownSpamClassificationException" namespace="Devfactory\Mollom\Exceptions">
          <metrics methods="0" coveredmethods="0" conditionals="0" coveredconditionals="0" statements="0" coveredstatements="0" elements="0" coveredelements="0"/>
        </class>
        <metrics loc="6" ncloc="3" classes="1" methods="0" coveredmethods="0" conditionals="0" coveredconditionals="0" statements="0" coveredstatements="0" elements="0" coveredelements="0"/>
      </file>
    </package>
    <package name="Devfactory\Mollom\Facades">
      <file name="/var/www/Mollom/src/Facades/Mollom.php">
        <class name="Mollom" namespace="Devfactory\Mollom\Facades">
          <metrics methods="1" coveredmethods="0" conditionals="0" coveredconditionals="0" statements="1" coveredstatements="0" elements="2" coveredelements="0"/>
        </class>
        <line num="12" type="method" name="getFacadeAccessor" crap="2" count="0"/>
        <metrics loc="13" ncloc="8" classes="1" methods="1" coveredmethods="0" conditionals="0" coveredconditionals="0" statements="1" coveredstatements="0" elements="2" coveredelements="0"/>
      </file>
    </package>
    <file name="/var/www/Mollom/src/config/config.php">
      <line num="13" type="stmt" count="0"/>
      <line num="24" type="stmt" count="0"/>
      <line num="35" type="stmt" count="0"/>
      <line num="45" type="stmt" count="0"/>
      <line num="46" type="stmt" count="0"/>
      <metrics loc="46" ncloc="12" classes="0" methods="0" coveredmethods="0" conditionals="0" coveredconditionals="0" statements="5" coveredstatements="0" elements="5" coveredelements="0"/>
    </file>
    <metrics files="6" loc="382" ncloc="223" classes="5" methods="14" coveredmethods="4" conditionals="0" coveredconditionals="0" statements="112" coveredstatements="72" elements="126" coveredelements="76"/>
  </project>
</coverage>
